TN:
SF:src\facade\User\facade.ts
FN:16,(anonymous_7)
FN:19,(anonymous_9)
FN:30,(anonymous_10)
FN:42,(anonymous_12)
FNF:4
FNH:3
FNDA:1,(anonymous_7)
FNDA:1,(anonymous_9)
FNDA:0,(anonymous_10)
FNDA:2,(anonymous_12)
DA:1,1
DA:4,1
DA:11,1
DA:17,1
DA:18,1
DA:19,1
DA:20,1
DA:23,1
DA:31,0
DA:32,0
DA:34,0
DA:43,2
DA:44,0
DA:47,2
DA:48,2
DA:49,1
DA:51,1
DA:55,1
LF:18
LH:14
BRDA:31,0,0,0
BRDA:31,0,1,0
BRDA:43,1,0,0
BRDA:43,1,1,2
BRDA:48,2,0,1
BRDA:48,2,1,1
BRF:6
BRH:3
end_of_record
TN:
SF:src\services\index.ts
FNF:0
FNH:0
DA:1,1
DA:4,1
LF:2
LH:2
BRF:0
BRH:0
end_of_record
TN:
SF:src\services\User\index.ts
FN:9,findAll
FN:17,create
FN:25,validate
FN:34,update
FNF:4
FNH:3
FNDA:2,findAll
FNDA:0,create
FNDA:2,validate
FNDA:3,update
DA:3,1
DA:9,1
DA:10,2
DA:17,1
DA:18,0
DA:25,1
DA:26,2
DA:34,1
DA:38,3
LF:9
LH:8
BRF:0
BRH:0
end_of_record
TN:
SF:src\services\User\service.ts
FN:16,(anonymous_8)
FN:22,(anonymous_10)
FN:29,(anonymous_12)
FN:38,(anonymous_14)
FNF:4
FNH:3
FNDA:2,(anonymous_8)
FNDA:0,(anonymous_10)
FNDA:2,(anonymous_12)
FNDA:3,(anonymous_14)
DA:2,1
DA:5,1
DA:11,1
DA:19,2
DA:25,0
DA:26,0
DA:30,2
DA:31,2
DA:33,2
DA:34,0
DA:36,2
DA:39,3
DA:60,1
LF:13
LH:10
BRDA:33,0,0,0
BRDA:33,0,1,2
BRF:2
BRH:1
end_of_record
